<?xml version="1.0" encoding="UTF-8"?>
<!-- Generated by org.testng.reporters.JUnitReportReporter -->
<testsuite hostname="Arati-PC" name="testng_TestCases.TrainingMenuTest" tests="4" failures="0" timestamp="11 Jul 2017 04:10:18 GMT" time="25.317" errors="0">
  <testcase name="TrainingPrograms" time="16.625" classname="testng_TestCases.TrainingMenuTest"/>
  <testcase name="ItemList" time="3.060" classname="testng_TestCases.TrainingMenuTest"/>
  <testcase name="ProgramSyncInfo" time="2.342" classname="testng_TestCases.TrainingMenuTest"/>
  <testcase name="ScheduledProgramList" time="3.290" classname="testng_TestCases.TrainingMenuTest"/>
</testsuite> <!-- testng_TestCases.TrainingMenuTest -->
